#
# There is insufficient memory for the Java Runtime Environment to continue.
# Native memory allocation (malloc) failed to allocate 1048576 bytes for AllocateHeap
# Possible reasons:
#   The system is out of physical RAM or swap space
#   In 32 bit mode, the process size limit was hit
# Possible solutions:
#   Reduce memory load on the system
#   Increase physical memory or swap space
#   Check if swap backing store is full
#   Use 64 bit Java on a 64 bit OS
#   Decrease Java heap size (-Xmx/-Xms)
#   Decrease number of Java threads
#   Decrease Java thread stack sizes (-Xss)
#   Set larger code cache with -XX:ReservedCodeCacheSize=
# This output file may be truncated or incomplete.
#
#  Out of Memory Error (memory/allocation.inline.hpp:61), pid=10560, tid=0x00000000000039d0
#
# JRE version:  (8.0_131-b11) (build )
# Java VM: Java HotSpot(TM) 64-Bit Server VM (25.131-b11 mixed mode windows-amd64 compressed oops)
# Failed to write core dump. Minidumps are not enabled by default on client versions of Windows
#

---------------  T H R E A D  ---------------

Current thread (0x000000000314d800):  JavaThread "Unknown thread" [_thread_in_vm, id=14800, stack(0x0000000002fa0000,0x00000000030a0000)]

Stack: [0x0000000002fa0000,0x00000000030a0000]
[error occurred during error reporting (printing stack bounds), id 0xc0000005]

Native frames: (J=compiled Java code, j=interpreted, Vv=VM code, C=native code)


---------------  P R O C E S S  ---------------

Java Threads: ( => current thread )

Other Threads:

=>0x000000000314d800 (exited) JavaThread "Unknown thread" [_thread_in_vm, id=14800, stack(0x0000000002fa0000,0x00000000030a0000)]

VM state:not at safepoint (normal execution)

VM Mutex/Monitor currently owned by a thread: None

Heap:
 PSYoungGen      total 18944K, used 327K [0x00000000eb180000, 0x00000000ec680000, 0x0000000100000000)
  eden space 16384K, 2% used [0x00000000eb180000,0x00000000eb1d1ec8,0x00000000ec180000)
  from space 2560K, 0% used [0x00000000ec400000,0x00000000ec400000,0x00000000ec680000)
  to   space 2560K, 0% used [0x00000000ec180000,0x00000000ec180000,0x00000000ec400000)
 ParOldGen       total 44032K, used 0K [0x00000000c1400000, 0x00000000c3f00000, 0x00000000eb180000)
  object space 44032K, 0% used [0x00000000c1400000,0x00000000c1400000,0x00000000c3f00000)
 Metaspace       used 770K, capacity 4480K, committed 4480K, reserved 1056768K
  class space    used 75K, capacity 384K, committed 384K, reserved 1048576K

Card table byte_map: [0x0000000012610000,0x0000000012810000] byte_map_base: 0x0000000012006000

Marking Bits: (ParMarkBitMap*) 0x0000000051c0c720
 Begin Bits: [0x0000000012d60000, 0x0000000013d10000)
 End Bits:   [0x0000000013d10000, 0x0000000014cc0000)

Polling page: 0x0000000001790000

CodeCache: size=245760Kb used=328Kb max_used=328Kb free=245431Kb
 bounds [0x0000000003250000, 0x00000000034c0000, 0x0000000012250000]
 total_blobs=58 nmethods=0 adapters=38
 compilation: enabled

Compilation events (0 events):
No events

GC Heap History (0 events):
No events

Deoptimization events (0 events):
No events

Internal exceptions (0 events):
No events

Events (10 events):
Event: 0.077 loading class java/lang/Short
Event: 0.078 loading class java/lang/Short done
Event: 0.078 loading class java/lang/Integer
Event: 0.078 loading class java/lang/Integer done
Event: 0.078 loading class java/lang/Long
Event: 0.078 loading class java/lang/Long done
Event: 0.080 loading class java/lang/NullPointerException
Event: 0.081 loading class java/lang/NullPointerException done
Event: 0.081 loading class java/lang/ArithmeticException
Event: 0.081 loading class java/lang/ArithmeticException done


Dynamic libraries:
0x00007ff74d2f0000 - 0x00007ff74d327000 	C:\Program Files\Java\jdk1.8.0_131\bin\javaw.exe
0x00007ffe5abf0000 - 0x00007ffe5ade6000 	C:\WINDOWS\SYSTEM32\ntdll.dll
0x00007ffe58c50000 - 0x00007ffe58d0d000 	C:\WINDOWS\System32\KERNEL32.DLL
0x00007ffe58720000 - 0x00007ffe589e9000 	C:\WINDOWS\System32\KERNELBASE.dll
0x00007ffe59a70000 - 0x00007ffe59b1c000 	C:\WINDOWS\System32\ADVAPI32.dll
0x00007ffe59dd0000 - 0x00007ffe59e6e000 	C:\WINDOWS\System32\msvcrt.dll
0x00007ffe599c0000 - 0x00007ffe59a5c000 	C:\WINDOWS\System32\sechost.dll
0x00007ffe59ca0000 - 0x00007ffe59dcb000 	C:\WINDOWS\System32\RPCRT4.dll
0x00007ffe59810000 - 0x00007ffe599b0000 	C:\WINDOWS\System32\USER32.dll
0x00007ffe585c0000 - 0x00007ffe585e2000 	C:\WINDOWS\System32\win32u.dll
0x00007ffe59370000 - 0x00007ffe5939a000 	C:\WINDOWS\System32\GDI32.dll
0x00007ffe58330000 - 0x00007ffe58439000 	C:\WINDOWS\System32\gdi32full.dll
0x00007ffe58bb0000 - 0x00007ffe58c4d000 	C:\WINDOWS\System32\msvcp_win.dll
0x00007ffe585f0000 - 0x00007ffe586f0000 	C:\WINDOWS\System32\ucrtbase.dll
0x00007ffe46420000 - 0x00007ffe466bb000 	C:\WINDOWS\WinSxS\amd64_microsoft.windows.common-controls_6595b64144ccf1df_6.0.19041.488_none_ca04af081b815d21\COMCTL32.dll
0x00007ffe59710000 - 0x00007ffe59740000 	C:\WINDOWS\System32\IMM32.DLL
0x0000000051310000 - 0x00000000513e2000 	C:\Program Files\Java\jdk1.8.0_131\jre\bin\msvcr100.dll
0x00000000513f0000 - 0x0000000051c8c000 	C:\Program Files\Java\jdk1.8.0_131\jre\bin\server\jvm.dll
0x00007ffe59a60000 - 0x00007ffe59a68000 	C:\WINDOWS\System32\PSAPI.DLL
0x00007ffe485d0000 - 0x00007ffe485f7000 	C:\WINDOWS\SYSTEM32\WINMM.dll
0x00007ffe4b7e0000 - 0x00007ffe4b7ea000 	C:\WINDOWS\SYSTEM32\VERSION.dll
0x00007ffe56af0000 - 0x00007ffe56af9000 	C:\WINDOWS\SYSTEM32\WSOCK32.dll
0x00007ffe59460000 - 0x00007ffe594cb000 	C:\WINDOWS\System32\WS2_32.dll
0x00000000524e0000 - 0x00000000524ef000 	C:\Program Files\Java\jdk1.8.0_131\jre\bin\verify.dll
0x00000000524b0000 - 0x00000000524d9000 	C:\Program Files\Java\jdk1.8.0_131\jre\bin\java.dll
0x0000000052460000 - 0x0000000052476000 	C:\Program Files\Java\jdk1.8.0_131\jre\bin\zip.dll

VM Arguments:
jvm_args: -Dfile.encoding=Cp1252 
java_command: Food.MyApplication
java_class_path (initial): C:\Users\Al\Documents\workspace-spring-tool-suite-4-4.3.2.RELEASE\Fruit\bin
Launcher Type: SUN_STANDARD

Environment Variables:
JAVA_HOME=C:\Program Files\Java\jdk1.8.0_131
CLASSPATH=.
PATH=C:/Program Files/Java/jdk1.8.0_131/bin/../jre/bin/server;C:/Program Files/Java/jdk1.8.0_131/bin/../jre/bin;C:/Program Files/Java/jdk1.8.0_131/bin/../jre/lib/amd64;C:\Program Files (x86)\Razer Chroma SDK\bin;C:\Program Files\Razer Chroma SDK\bin;C:\Program Files (x86)\Intel\iCLS Client\;C:\Program Files\Intel\iCLS Client\;C:\windows\system32;C:\windows;C:\windows\System32\Wbem;C:\windows\System32\WindowsPowerShell\v1.0\;C:\Program Files (x86)\Intel\Intel(R) Management Engine Components\DAL;C:\Program Files\Intel\Intel(R) Management Engine Components\DAL;C:\Program Files (x86)\Intel\Intel(R) Management Engine Components\IPT;C:\Program Files\Intel\Intel(R) Management Engine Components\IPT;C:\Program Files\Java\jdk1.8.0_131\bin;c:\Program Files (x86)\Microsoft SQL Server\110\Tools\Binn\;c:\Program Files\Microsoft SQL Server\110\Tools\Binn\;c:\Program Files\Microsoft SQL Server\110\DTS\Binn\;c:\Program Files (x86)\Microsoft SQL Server\110\Tools\Binn\ManagementStudio\;c:\Program Files (x86)\Microsoft SQL Server\110\DTS\Binn\;C:\Program Files (x86)\Windows Kits\8.1\Windows Performance Toolkit\;C:\xampp\mysql\bin;C:\WINDOWS\system32;C:\WINDOWS;C:\WINDOWS\System32\Wbem;C:\WINDOWS\System32\WindowsPowerShell\v1.0\;C:\WINDOWS\System32\OpenSSH\;C:\Program Files\Git\cmd;C:\Users\Al\AppData\Local\Microsoft\WindowsApps;;C:\Users\Al\Documents\sts-4.3.2.RELEASE;
USERNAME=Al
OS=Windows_NT
PROCESSOR_IDENTIFIER=Intel64 Family 6 Model 61 Stepping 4, GenuineIntel



---------------  S Y S T E M  ---------------

OS: Windows 10.0 , 64 bit Build 19041 (10.0.19041.662)

CPU:total 4 (initial active 4) (2 cores per cpu, 2 threads per core) family 6 model 61 stepping 4, cmov, cx8, fxsr, mmx, sse, sse2, sse3, ssse3, sse4.1, sse4.2, popcnt, avx, avx2, aes, clmul, erms, 3dnowpref, lzcnt, ht, tsc, tscinvbit, bmi1, bmi2, adx

Memory: 4k page, physical 4107276k(505364k free), swap 7179276k(5672k free)

vm_info: Java HotSpot(TM) 64-Bit Server VM (25.131-b11) for windows-amd64 JRE (1.8.0_131-b11), built on Mar 15 2017 01:23:53 by "java_re" with MS VC++ 10.0 (VS2010)

time: Fri Jan 15 03:11:54 2021
elapsed time: 0 seconds (0d 0h 0m 0s)

